<?xml version="1.0" encoding="UTF-8"?>
<!-- Generated by org.testng.reporters.JUnitXMLReporter -->
<testsuite hostname="Apium-2.local" ignored="0" name="Test" tests="6" failures="2" timestamp="06 May 2019 08:19:39 GMT" time="228.476" errors="0">
  <testcase name="verifyIfSplashScreenIsShownTest" time="0.133" classname="com.robosoft.discoveryPoC.utils.TestScenarios"/>
  <testcase name="verifyPremiumContentBadgeIsShownTest" time="60.975" classname="com.robosoft.discoveryPoC.utils.TestScenarios">
    <failure type="org.openqa.selenium.NoSuchElementException" message="An element could not be located on the page using the given search parameters.
For documentation on this error, please visit: https://www.seleniumhq.org/exceptions/no_such_element.html
Build info: version: &amp;apos;3.141.59&amp;apos;, revision: &amp;apos;e82be7d358&amp;apos;, time: &amp;apos;2018-11-14T08:17:03&amp;apos;
System info: host: &amp;apos;Apium-2.local&amp;apos;, ip: &amp;apos;fe80:0:0:0:1069:1678:32bf:7985%en0&amp;apos;, os.name: &amp;apos;Mac OS X&amp;apos;, os.arch: &amp;apos;x86_64&amp;apos;, os.version: &amp;apos;10.12.6&amp;apos;, java.version: &amp;apos;1.8.0_91&amp;apos;
Driver info: io.appium.java_client.AppiumDriver
Capabilities {app: /Users/nithinshetty/Downloa..., appActivity: com.discovery.discoveryplus..., appPackage: com.discovery.discoveryplus, databaseEnabled: false, desired: {app: /Users/nithinshetty/Downloa..., appActivity: com.discovery.discoveryplus..., appPackage: com.discovery.discoveryplus, deviceName: emulator-5554, platformName: android}, deviceManufacturer: Google, deviceModel: Android SDK built for x86, deviceName: emulator-5554, deviceScreenSize: 1080x1920, deviceUDID: emulator-5554, javascriptEnabled: true, locationContextEnabled: false, networkConnectionEnabled: true, platform: LINUX, platformName: LINUX, platformVersion: 9, takesScreenshot: true, warnings: {}, webStorageEnabled: false}
Session ID: 25f85457-3218-41ea-824c-ed57dddd0e19
*** Element info: {Using=id, value=com.discovery.discoveryplus:id/premium_badge}">
      <![CDATA[org.openqa.selenium.NoSuchElementException: An element could not be located on the page using the given search parameters.
For documentation on this error, please visit: https://www.seleniumhq.org/exceptions/no_such_element.html
Build info: version: '3.141.59', revision: 'e82be7d358', time: '2018-11-14T08:17:03'
System info: host: 'Apium-2.local', ip: 'fe80:0:0:0:1069:1678:32bf:7985%en0', os.name: 'Mac OS X', os.arch: 'x86_64', os.version: '10.12.6', java.version: '1.8.0_91'
Driver info: io.appium.java_client.AppiumDriver
Capabilities {app: /Users/nithinshetty/Downloa..., appActivity: com.discovery.discoveryplus..., appPackage: com.discovery.discoveryplus, databaseEnabled: false, desired: {app: /Users/nithinshetty/Downloa..., appActivity: com.discovery.discoveryplus..., appPackage: com.discovery.discoveryplus, deviceName: emulator-5554, platformName: android}, deviceManufacturer: Google, deviceModel: Android SDK built for x86, deviceName: emulator-5554, deviceScreenSize: 1080x1920, deviceUDID: emulator-5554, javascriptEnabled: true, locationContextEnabled: false, networkConnectionEnabled: true, platform: LINUX, platformName: LINUX, platformVersion: 9, takesScreenshot: true, warnings: {}, webStorageEnabled: false}
Session ID: 25f85457-3218-41ea-824c-ed57dddd0e19
*** Element info: {Using=id, value=com.discovery.discoveryplus:id/premium_badge}
at org.openqa.selenium.remote.http.W3CHttpResponseCodec.createException(W3CHttpResponseCodec.java:187)
at org.openqa.selenium.remote.http.W3CHttpResponseCodec.decode(W3CHttpResponseCodec.java:122)
at org.openqa.selenium.remote.http.W3CHttpResponseCodec.decode(W3CHttpResponseCodec.java:49)
at org.openqa.selenium.remote.HttpCommandExecutor.execute(HttpCommandExecutor.java:158)
at io.appium.java_client.remote.AppiumCommandExecutor.execute(AppiumCommandExecutor.java:239)
at org.openqa.selenium.remote.RemoteWebDriver.execute(RemoteWebDriver.java:552)
at io.appium.java_client.DefaultGenericMobileDriver.execute(DefaultGenericMobileDriver.java:42)
at io.appium.java_client.AppiumDriver.execute(AppiumDriver.java:1)
at org.openqa.selenium.remote.RemoteWebDriver.findElement(RemoteWebDriver.java:323)
at io.appium.java_client.DefaultGenericMobileDriver.findElement(DefaultGenericMobileDriver.java:62)
at io.appium.java_client.AppiumDriver.findElement(AppiumDriver.java:1)
at org.openqa.selenium.remote.RemoteWebDriver.findElementById(RemoteWebDriver.java:372)
at io.appium.java_client.DefaultGenericMobileDriver.findElementById(DefaultGenericMobileDriver.java:70)
at io.appium.java_client.AppiumDriver.findElementById(AppiumDriver.java:1)
at org.openqa.selenium.By$ById.findElement(By.java:188)
at org.openqa.selenium.remote.RemoteWebDriver.findElement(RemoteWebDriver.java:315)
at io.appium.java_client.DefaultGenericMobileDriver.findElement(DefaultGenericMobileDriver.java:58)
at io.appium.java_client.AppiumDriver.findElement(AppiumDriver.java:1)
at com.robosoft.discoveryPoC.locators.PageLocators.checkPremiumBadgeIsDisplayed(PageLocators.java:45)
at com.robosoft.discoveryPoC.utils.TestScenarios.verifyPremiumContentBadgeIsShownTest(TestScenarios.java:53)
... Removed 29 stack frames]]>
    </failure>
  </testcase> <!-- verifyPremiumContentBadgeIsShownTest -->
  <testcase name="verifySelectionOfSeasonsTest" time="65.094" classname="com.robosoft.discoveryPoC.utils.TestScenarios">
    <failure type="org.openqa.selenium.NoSuchElementException" message="An element could not be located on the page using the given search parameters.
For documentation on this error, please visit: https://www.seleniumhq.org/exceptions/no_such_element.html
Build info: version: &amp;apos;3.141.59&amp;apos;, revision: &amp;apos;e82be7d358&amp;apos;, time: &amp;apos;2018-11-14T08:17:03&amp;apos;
System info: host: &amp;apos;Apium-2.local&amp;apos;, ip: &amp;apos;fe80:0:0:0:1069:1678:32bf:7985%en0&amp;apos;, os.name: &amp;apos;Mac OS X&amp;apos;, os.arch: &amp;apos;x86_64&amp;apos;, os.version: &amp;apos;10.12.6&amp;apos;, java.version: &amp;apos;1.8.0_91&amp;apos;
Driver info: io.appium.java_client.AppiumDriver
Capabilities {app: /Users/nithinshetty/Downloa..., appActivity: com.discovery.discoveryplus..., appPackage: com.discovery.discoveryplus, databaseEnabled: false, desired: {app: /Users/nithinshetty/Downloa..., appActivity: com.discovery.discoveryplus..., appPackage: com.discovery.discoveryplus, deviceName: emulator-5554, platformName: android}, deviceManufacturer: Google, deviceModel: Android SDK built for x86, deviceName: emulator-5554, deviceScreenSize: 1080x1920, deviceUDID: emulator-5554, javascriptEnabled: true, locationContextEnabled: false, networkConnectionEnabled: true, platform: LINUX, platformName: LINUX, platformVersion: 9, takesScreenshot: true, warnings: {}, webStorageEnabled: false}
Session ID: 25f85457-3218-41ea-824c-ed57dddd0e19
*** Element info: {Using=xpath, value=/hierarchy/android.widget.FrameLayout/android.widget.LinearLayout/android.widget.FrameLayout/android.widget.LinearLayout/android.widget.FrameLayout/android.widget.LinearLayout/android.widget.FrameLayout/android.widget.RelativeLayout/android.widget.FrameLayout[1]/android.view.ViewGroup/android.widget.LinearLayout/android.widget.LinearLayout/android.widget.LinearLayout/androidx.recyclerview.widget.RecyclerView/android.widget.Button[1]}">
      <![CDATA[org.openqa.selenium.NoSuchElementException: An element could not be located on the page using the given search parameters.
For documentation on this error, please visit: https://www.seleniumhq.org/exceptions/no_such_element.html
Build info: version: '3.141.59', revision: 'e82be7d358', time: '2018-11-14T08:17:03'
System info: host: 'Apium-2.local', ip: 'fe80:0:0:0:1069:1678:32bf:7985%en0', os.name: 'Mac OS X', os.arch: 'x86_64', os.version: '10.12.6', java.version: '1.8.0_91'
Driver info: io.appium.java_client.AppiumDriver
Capabilities {app: /Users/nithinshetty/Downloa..., appActivity: com.discovery.discoveryplus..., appPackage: com.discovery.discoveryplus, databaseEnabled: false, desired: {app: /Users/nithinshetty/Downloa..., appActivity: com.discovery.discoveryplus..., appPackage: com.discovery.discoveryplus, deviceName: emulator-5554, platformName: android}, deviceManufacturer: Google, deviceModel: Android SDK built for x86, deviceName: emulator-5554, deviceScreenSize: 1080x1920, deviceUDID: emulator-5554, javascriptEnabled: true, locationContextEnabled: false, networkConnectionEnabled: true, platform: LINUX, platformName: LINUX, platformVersion: 9, takesScreenshot: true, warnings: {}, webStorageEnabled: false}
Session ID: 25f85457-3218-41ea-824c-ed57dddd0e19
*** Element info: {Using=xpath, value=/hierarchy/android.widget.FrameLayout/android.widget.LinearLayout/android.widget.FrameLayout/android.widget.LinearLayout/android.widget.FrameLayout/android.widget.LinearLayout/android.widget.FrameLayout/android.widget.RelativeLayout/android.widget.FrameLayout[1]/android.view.ViewGroup/android.widget.LinearLayout/android.widget.LinearLayout/android.widget.LinearLayout/androidx.recyclerview.widget.RecyclerView/android.widget.Button[1]}
at org.openqa.selenium.remote.http.W3CHttpResponseCodec.createException(W3CHttpResponseCodec.java:187)
at org.openqa.selenium.remote.http.W3CHttpResponseCodec.decode(W3CHttpResponseCodec.java:122)
at org.openqa.selenium.remote.http.W3CHttpResponseCodec.decode(W3CHttpResponseCodec.java:49)
at org.openqa.selenium.remote.HttpCommandExecutor.execute(HttpCommandExecutor.java:158)
at io.appium.java_client.remote.AppiumCommandExecutor.execute(AppiumCommandExecutor.java:239)
at org.openqa.selenium.remote.RemoteWebDriver.execute(RemoteWebDriver.java:552)
at io.appium.java_client.DefaultGenericMobileDriver.execute(DefaultGenericMobileDriver.java:42)
at io.appium.java_client.AppiumDriver.execute(AppiumDriver.java:1)
at org.openqa.selenium.remote.RemoteWebDriver.findElement(RemoteWebDriver.java:323)
at io.appium.java_client.DefaultGenericMobileDriver.findElement(DefaultGenericMobileDriver.java:62)
at io.appium.java_client.AppiumDriver.findElement(AppiumDriver.java:1)
at org.openqa.selenium.remote.RemoteWebDriver.findElementByXPath(RemoteWebDriver.java:428)
at io.appium.java_client.DefaultGenericMobileDriver.findElementByXPath(DefaultGenericMobileDriver.java:152)
at io.appium.java_client.AppiumDriver.findElementByXPath(AppiumDriver.java:1)
at org.openqa.selenium.By$ByXPath.findElement(By.java:353)
at org.openqa.selenium.remote.RemoteWebDriver.findElement(RemoteWebDriver.java:315)
at io.appium.java_client.DefaultGenericMobileDriver.findElement(DefaultGenericMobileDriver.java:58)
at io.appium.java_client.AppiumDriver.findElement(AppiumDriver.java:1)
at com.robosoft.discoveryPoC.locators.PageLocators.tapOnSeasons(PageLocators.java:61)
at com.robosoft.discoveryPoC.utils.TestScenarios.verifySelectionOfSeasonsTest(TestScenarios.java:61)
... Removed 29 stack frames]]>
    </failure>
  </testcase> <!-- verifySelectionOfSeasonsTest -->
  <testcase name="verifyEpisodesListingTest" time="6.233" classname="com.robosoft.discoveryPoC.utils.TestScenarios"/>
  <testcase name="verifyShortsListingTest" time="12.125" classname="com.robosoft.discoveryPoC.utils.TestScenarios"/>
  <testcase name="verifyTraditionalLoginTest" time="63.939" classname="com.robosoft.discoveryPoC.utils.TestScenarios">
    <skipped/>
  </testcase> <!-- verifyTraditionalLoginTest -->
</testsuite> <!-- Test -->
